#
# There is insufficient memory for the Java Runtime Environment to continue.
# Native memory allocation (malloc) failed to allocate 1048576 bytes for AllocateHeap
# Possible reasons:
#   The system is out of physical RAM or swap space
#   In 32 bit mode, the process size limit was hit
# Possible solutions:
#   Reduce memory load on the system
#   Increase physical memory or swap space
#   Check if swap backing store is full
#   Use 64 bit Java on a 64 bit OS
#   Decrease Java heap size (-Xmx/-Xms)
#   Decrease number of Java threads
#   Decrease Java thread stack sizes (-Xss)
#   Set larger code cache with -XX:ReservedCodeCacheSize=
# This output file may be truncated or incomplete.
#
#  Out of Memory Error (memory/allocation.inline.hpp:61), pid=161152, tid=0x00000000000275d0
#
# JRE version:  (8.0_101-b13) (build )
# Java VM: Java HotSpot(TM) 64-Bit Server VM (25.101-b13 mixed mode windows-amd64 compressed oops)
# Failed to write core dump. Minidumps are not enabled by default on client versions of Windows
#

---------------  T H R E A D  ---------------

Current thread (0x0000000002210800):  JavaThread "Unknown thread" [_thread_in_vm, id=161232, stack(0x0000000002090000,0x0000000002190000)]

Stack: [0x0000000002090000,0x0000000002190000]
[error occurred during error reporting (printing stack bounds), id 0xc0000005]

Native frames: (J=compiled Java code, j=interpreted, Vv=VM code, C=native code)


---------------  P R O C E S S  ---------------

Java Threads: ( => current thread )

Other Threads:

=>0x0000000002210800 (exited) JavaThread "Unknown thread" [_thread_in_vm, id=161232, stack(0x0000000002090000,0x0000000002190000)]

VM state:not at safepoint (normal execution)

VM Mutex/Monitor currently owned by a thread: None

Heap:
 PSYoungGen      total 38400K, used 665K [0x00000000d5780000, 0x00000000d8200000, 0x0000000100000000)
  eden space 33280K, 2% used [0x00000000d5780000,0x00000000d5826670,0x00000000d7800000)
  from space 5120K, 0% used [0x00000000d7d00000,0x00000000d7d00000,0x00000000d8200000)
  to   space 5120K, 0% used [0x00000000d7800000,0x00000000d7800000,0x00000000d7d00000)
 ParOldGen       total 87552K, used 0K [0x0000000080600000, 0x0000000085b80000, 0x00000000d5780000)
  object space 87552K, 0% used [0x0000000080600000,0x0000000080600000,0x0000000085b80000)
 Metaspace       used 746K, capacity 4480K, committed 4480K, reserved 1056768K
  class space    used 75K, capacity 384K, committed 384K, reserved 1048576K

Card table byte_map: [0x00000000117b0000,0x0000000011bb0000] byte_map_base: 0x00000000113ad000

Marking Bits: (ParMarkBitMap*) 0x000000007009a6d0
 Begin Bits: [0x0000000012260000, 0x0000000014248000)
 End Bits:   [0x0000000014248000, 0x0000000016230000)

Polling page: 0x0000000002190000

CodeCache: size=245760Kb used=328Kb max_used=328Kb free=245431Kb
 bounds [0x00000000023f0000, 0x0000000002660000, 0x00000000113f0000]
 total_blobs=58 nmethods=0 adapters=38
 compilation: enabled

Compilation events (0 events):
No events

GC Heap History (0 events):
No events

Deoptimization events (0 events):
No events

Internal exceptions (0 events):
No events

Events (10 events):
Event: 0.063 loading class java/lang/Short
Event: 0.063 loading class java/lang/Short done
Event: 0.063 loading class java/lang/Integer
Event: 0.063 loading class java/lang/Integer done
Event: 0.063 loading class java/lang/Long
Event: 0.064 loading class java/lang/Long done
Event: 0.065 loading class java/lang/NullPointerException
Event: 0.065 loading class java/lang/NullPointerException done
Event: 0.065 loading class java/lang/ArithmeticException
Event: 0.065 loading class java/lang/ArithmeticException done


Dynamic libraries:
0x00007ff76cf70000 - 0x00007ff76cfa7000 	C:\Program Files\Java\jre1.8.0_101\bin\javaw.exe
0x00007ffbb3b70000 - 0x00007ffbb3d41000 	C:\WINDOWS\SYSTEM32\ntdll.dll
0x00007ffbb1700000 - 0x00007ffbb17ab000 	C:\WINDOWS\System32\KERNEL32.DLL
0x00007ffbb01f0000 - 0x00007ffbb040d000 	C:\WINDOWS\System32\KERNELBASE.dll
0x00007ffbb3ac0000 - 0x00007ffbb3b62000 	C:\WINDOWS\System32\ADVAPI32.dll
0x00007ffbb12e0000 - 0x00007ffbb137e000 	C:\WINDOWS\System32\msvcrt.dll
0x00007ffbb1cb0000 - 0x00007ffbb1d09000 	C:\WINDOWS\System32\sechost.dll
0x00007ffbb3720000 - 0x00007ffbb3841000 	C:\WINDOWS\System32\RPCRT4.dll
0x00007ffbb3950000 - 0x00007ffbb3ab5000 	C:\WINDOWS\System32\USER32.dll
0x00007ffbb0e60000 - 0x00007ffbb0e7e000 	C:\WINDOWS\System32\win32u.dll
0x00007ffbb1c70000 - 0x00007ffbb1ca4000 	C:\WINDOWS\System32\GDI32.dll
0x00007ffbb0060000 - 0x00007ffbb01e2000 	C:\WINDOWS\System32\gdi32full.dll
0x00007ffba7790000 - 0x00007ffba7a09000 	C:\WINDOWS\WinSxS\amd64_microsoft.windows.common-controls_6595b64144ccf1df_6.0.14393.447_none_42191651c6827bb3\COMCTL32.dll
0x00007ffbb1d10000 - 0x00007ffbb1fd7000 	C:\WINDOWS\System32\combase.dll
0x00007ffbb0470000 - 0x00007ffbb0565000 	C:\WINDOWS\System32\ucrtbase.dll
0x00007ffbb0d40000 - 0x00007ffbb0daa000 	C:\WINDOWS\System32\bcryptPrimitives.dll
0x00007ffbb1170000 - 0x00007ffbb119e000 	C:\WINDOWS\System32\IMM32.DLL
0x0000000071050000 - 0x0000000071122000 	C:\Program Files\Java\jre1.8.0_101\bin\msvcr100.dll
0x000000006f880000 - 0x000000007011a000 	C:\Program Files\Java\jre1.8.0_101\bin\server\jvm.dll
0x00007ffbb1820000 - 0x00007ffbb1828000 	C:\WINDOWS\System32\PSAPI.DLL
0x00007ffbacbe0000 - 0x00007ffbacbea000 	C:\WINDOWS\SYSTEM32\VERSION.dll
0x00007ffba0b30000 - 0x00007ffba0b39000 	C:\WINDOWS\SYSTEM32\WSOCK32.dll
0x00007ffbb1100000 - 0x00007ffbb116a000 	C:\WINDOWS\System32\WS2_32.dll
0x00007ffbae460000 - 0x00007ffbae483000 	C:\WINDOWS\SYSTEM32\WINMM.dll
0x00007ffbae430000 - 0x00007ffbae45b000 	C:\WINDOWS\SYSTEM32\WINMMBASE.dll
0x00007ffbb0c50000 - 0x00007ffbb0c92000 	C:\WINDOWS\System32\cfgmgr32.dll
0x0000000071670000 - 0x000000007167f000 	C:\Program Files\Java\jre1.8.0_101\bin\verify.dll
0x00000000703f0000 - 0x0000000070419000 	C:\Program Files\Java\jre1.8.0_101\bin\java.dll
0x00000000703d0000 - 0x00000000703e6000 	C:\Program Files\Java\jre1.8.0_101\bin\zip.dll

VM Arguments:
jvm_args: -Dfile.encoding=Cp1252 
java_command: ChatGUI
java_class_path (initial): D:\Documents\Programming\workspace\204_Assignment7\bin;C:\Users\Dan\.p2\pool\plugins\org.junit_4.12.0.v201504281640\junit.jar;C:\Users\Dan\.p2\pool\plugins\org.hamcrest.core_1.3.0.v201303031735.jar
Launcher Type: SUN_STANDARD

Environment Variables:
JAVA_HOME=C:\Program Files\Java\jdk1.8.0_91
PATH=C:/Program Files/Java/jre1.8.0_101/bin/server;C:/Program Files/Java/jre1.8.0_101/bin;C:/Program Files/Java/jre1.8.0_101/lib/amd64;C:\ProgramData\Oracle\Java\javapath;C:\Program Files\Java\jdk1.8.0_91\bin;C:\Windows\system32;C:\Windows;C:\Windows\System32\Wbem;C:\Windows\System32\WindowsPowerShell\v1.0\;C:\Program Files (x86)\NVIDIA Corporation\PhysX\Common;C:\Program Files\Java\jre1.8.0_91;C:\Program Files (x86)\GtkSharp\2.12\bin;C:\WINDOWS\system32;C:\WINDOWS;C:\WINDOWS\System32\Wbem;C:\WINDOWS\System32\WindowsPowerShell\v1.0\;C:\Program Files\Git\cmd;C:\Users\Dan\AppData\Local\Microsoft\WindowsApps;;C:\Users\Dan\Desktop;
USERNAME=Dan
OS=Windows_NT
PROCESSOR_IDENTIFIER=Intel64 Family 6 Model 42 Stepping 7, GenuineIntel



---------------  S Y S T E M  ---------------

OS: Windows 10.0 , 64 bit Build 14393 (10.0.14393.0)

CPU:total 4 (4 cores per cpu, 1 threads per core) family 6 model 42 stepping 7, cmov, cx8, fxsr, mmx, sse, sse2, sse3, ssse3, sse4.1, sse4.2, popcnt, avx, aes, clmul, tsc, tscinvbit

Memory: 4k page, physical 8363080k(361068k free), swap 22957636k(5788k free)

vm_info: Java HotSpot(TM) 64-Bit Server VM (25.101-b13) for windows-amd64 JRE (1.8.0_101-b13), built on Jun 22 2016 01:21:29 by "java_re" with MS VC++ 10.0 (VS2010)

time: Wed Nov 30 14:20:16 2016
elapsed time: 0 seconds (0d 0h 0m 0s)

